<?xml version="1.0" encoding="UTF-8"?>
<!-- Generated by org.testng.reporters.JUnitXMLReporter -->
<testsuite hostname="pinaki-PC" ignored="0" name="Default test" tests="7" failures="0" timestamp="06 Jun 2018 06:22:47 GMT" time="26.005" errors="0">
  <testcase name="navToCreateCredPage" time="0.249" classname="com.org.UI5ExploredBasicStep.CreateTest"/>
  <testcase name="fillData" time="1.621" classname="com.org.UI5ExploredBasicStep.CreateTest"/>
  <testcase name="resetFilledData" time="0.354" classname="com.org.UI5ExploredBasicStep.CreateTest"/>
  <testcase name="saveData" time="4.997" classname="com.org.UI5ExploredBasicStep.CreateTest"/>
  <testcase name="editCreatedData" time="3.58" classname="com.org.UI5ExploredBasicStep.CreateTest"/>
  <testcase name="createRandomRecordsAndSearch" time="13.138" classname="com.org.UI5ExploredBasicStep.CreateTest"/>
  <testcase name="closeTab" time="2.002" classname="com.org.UI5ExploredBasicStep.CreateTest"/>
</testsuite> <!-- Default test -->
