<?xml version="1.0" encoding="UTF-8"?>
<testng-results skipped="0" failed="0" ignored="0" total="7" passed="7">
  <reporter-output>
  </reporter-output>
  <suite name="Default suite" duration-ms="26005" started-at="2018-06-06T06:22:21Z" finished-at="2018-06-06T06:22:47Z">
    <groups>
    </groups>
    <test name="Default test" duration-ms="26005" started-at="2018-06-06T06:22:21Z" finished-at="2018-06-06T06:22:47Z">
      <class name="com.org.UI5ExploredBasicStep.CreateTest">
        <test-method status="PASS" signature="navToCreateCredPage()[pri:1, instance:com.org.UI5ExploredBasicStep.CreateTest@70ed52de]" name="navToCreateCredPage" duration-ms="249" started-at="2018-06-06T06:22:21Z" finished-at="2018-06-06T06:22:21Z">
          <reporter-output>
          </reporter-output>
        </test-method> <!-- navToCreateCredPage -->
        <test-method status="PASS" signature="fillData()[pri:2, instance:com.org.UI5ExploredBasicStep.CreateTest@70ed52de]" name="fillData" duration-ms="1621" started-at="2018-06-06T06:22:21Z" finished-at="2018-06-06T06:22:23Z">
          <reporter-output>
          </reporter-output>
        </test-method> <!-- fillData -->
        <test-method status="PASS" signature="resetFilledData()[pri:3, instance:com.org.UI5ExploredBasicStep.CreateTest@70ed52de]" name="resetFilledData" duration-ms="354" started-at="2018-06-06T06:22:23Z" finished-at="2018-06-06T06:22:23Z">
          <reporter-output>
          </reporter-output>
        </test-method> <!-- resetFilledData -->
        <test-method status="PASS" signature="saveData()[pri:4, instance:com.org.UI5ExploredBasicStep.CreateTest@70ed52de]" name="saveData" duration-ms="4997" started-at="2018-06-06T06:22:23Z" finished-at="2018-06-06T06:22:28Z">
          <reporter-output>
          </reporter-output>
        </test-method> <!-- saveData -->
        <test-method status="PASS" signature="editCreatedData()[pri:5, instance:com.org.UI5ExploredBasicStep.CreateTest@70ed52de]" name="editCreatedData" duration-ms="3580" started-at="2018-06-06T06:22:28Z" finished-at="2018-06-06T06:22:32Z">
          <reporter-output>
          </reporter-output>
        </test-method> <!-- editCreatedData -->
        <test-method status="PASS" signature="createRandomRecordsAndSearch()[pri:6, instance:com.org.UI5ExploredBasicStep.CreateTest@70ed52de]" name="createRandomRecordsAndSearch" duration-ms="13138" started-at="2018-06-06T06:22:32Z" finished-at="2018-06-06T06:22:45Z">
          <reporter-output>
          </reporter-output>
        </test-method> <!-- createRandomRecordsAndSearch -->
        <test-method status="PASS" signature="closeTab()[pri:9999, instance:com.org.UI5ExploredBasicStep.CreateTest@70ed52de]" name="closeTab" duration-ms="2002" started-at="2018-06-06T06:22:45Z" finished-at="2018-06-06T06:22:47Z">
          <reporter-output>
          </reporter-output>
        </test-method> <!-- closeTab -->
      </class> <!-- com.org.UI5ExploredBasicStep.CreateTest -->
    </test> <!-- Default test -->
  </suite> <!-- Default suite -->
</testng-results>
